[debug] [2023-07-15T18:02:15.903Z] ----------------------------------------------------------------------
[debug] [2023-07-15T18:02:15.917Z] Command:       C:\Program Files\nodejs\node.exe C:\Users\Admin\AppData\Roaming\npm\node_modules\firebase-tools\lib\bin\firebase.js deploy
[debug] [2023-07-15T18:02:15.920Z] CLI Version:   12.4.4
[debug] [2023-07-15T18:02:15.921Z] Platform:      win32
[debug] [2023-07-15T18:02:15.922Z] Node Version:  v18.15.0
[debug] [2023-07-15T18:02:16.046Z] Time:          Sat Jul 15 2023 23:32:15 GMT+0530 (India Standard Time)
[debug] [2023-07-15T18:02:16.048Z] ----------------------------------------------------------------------
[debug] 
[debug] [2023-07-15T18:02:16.416Z] > command requires scopes: ["email","openid","https://www.googleapis.com/auth/cloudplatformprojects.readonly","https://www.googleapis.com/auth/firebase","https://www.googleapis.com/auth/cloud-platform"]
[debug] [2023-07-15T18:02:16.418Z] > authorizing via signed-in user (developersameer26@gmail.com)
[debug] [2023-07-15T18:02:16.418Z] [iam] checking project developersameer07 for permissions ["firebase.projects.get","firebasehosting.sites.update"]
[debug] [2023-07-15T18:02:16.423Z] > refreshing access token with scopes: []
[debug] [2023-07-15T18:02:16.428Z] >>> [apiv2][query] POST https://www.googleapis.com/oauth2/v3/token [none]
[debug] [2023-07-15T18:02:16.429Z] >>> [apiv2][body] POST https://www.googleapis.com/oauth2/v3/token [omitted]
[debug] [2023-07-15T18:02:17.347Z] <<< [apiv2][status] POST https://www.googleapis.com/oauth2/v3/token 200
[debug] [2023-07-15T18:02:17.349Z] <<< [apiv2][body] POST https://www.googleapis.com/oauth2/v3/token [omitted]
[debug] [2023-07-15T18:02:17.432Z] >>> [apiv2][query] POST https://cloudresourcemanager.googleapis.com/v1/projects/developersameer07:testIamPermissions [none]
[debug] [2023-07-15T18:02:17.433Z] >>> [apiv2][(partial)header] POST https://cloudresourcemanager.googleapis.com/v1/projects/developersameer07:testIamPermissions x-goog-quota-user=projects/developersameer07
[debug] [2023-07-15T18:02:17.434Z] >>> [apiv2][body] POST https://cloudresourcemanager.googleapis.com/v1/projects/developersameer07:testIamPermissions {"permissions":["firebase.projects.get","firebasehosting.sites.update"]}
[debug] [2023-07-15T18:02:18.936Z] <<< [apiv2][status] POST https://cloudresourcemanager.googleapis.com/v1/projects/developersameer07:testIamPermissions 200
[debug] [2023-07-15T18:02:18.937Z] <<< [apiv2][body] POST https://cloudresourcemanager.googleapis.com/v1/projects/developersameer07:testIamPermissions {}
[debug] [2023-07-15T18:02:18.938Z] [iam] error while checking permissions, command may fail: FirebaseError: Authorization failed. This account is missing the following required permissions on project developersameer07:

  firebase.projects.get
  firebasehosting.sites.update
[debug] [2023-07-15T18:02:18.941Z] >>> [apiv2][query] GET https://firebase.googleapis.com/v1beta1/projects/developersameer07 [none]
[debug] [2023-07-15T18:02:19.474Z] <<< [apiv2][status] GET https://firebase.googleapis.com/v1beta1/projects/developersameer07 403
[debug] [2023-07-15T18:02:19.475Z] <<< [apiv2][body] GET https://firebase.googleapis.com/v1beta1/projects/developersameer07 {"error":{"code":403,"message":"The caller does not have permission","status":"PERMISSION_DENIED"}}
[debug] [2023-07-15T18:02:19.477Z] HTTP Error: 403, The caller does not have permission
[debug] [2023-07-15T18:02:19.481Z] FirebaseError: HTTP Error: 403, The caller does not have permission
    at responseToError (C:\Users\Admin\AppData\Roaming\npm\node_modules\firebase-tools\lib\responseToError.js:49:12)
    at RetryOperation._fn (C:\Users\Admin\AppData\Roaming\npm\node_modules\firebase-tools\lib\apiv2.js:289:77)
    at process.processTicksAndRejections (node:internal/process/task_queues:95:5)
[error] 
[error] Error: Failed to get Firebase project developersameer07. Please make sure the project exists and your account has permission to access it.
